<html>
<head>
<title>TestNG:  Default test</title>
<link href="../testng.css" rel="stylesheet" type="text/css" />
<link href="../my-testng.css" rel="stylesheet" type="text/css" />

<style type="text/css">
.log { display: none;} 
.stack-trace { display: none;} 
</style>
<script type="text/javascript">
<!--
function flip(e) {
  current = e.style.display;
  if (current == 'block') {
    e.style.display = 'none';
    return 0;
  }
  else {
    e.style.display = 'block';
    return 1;
  }
}

function toggleBox(szDivId, elem, msg1, msg2)
{
  var res = -1;  if (document.getElementById) {
    res = flip(document.getElementById(szDivId));
  }
  else if (document.all) {
    // this is the way old msie versions work
    res = flip(document.all[szDivId]);
  }
  if(elem) {
    if(res == 0) elem.innerHTML = msg1; else elem.innerHTML = msg2;
  }

}

function toggleAllBoxes() {
  if (document.getElementsByTagName) {
    d = document.getElementsByTagName('div');
    for (i = 0; i < d.length; i++) {
      if (d[i].className == 'log') {
        flip(d[i]);
      }
    }
  }
}

// -->
</script>

</head>
<body>
<h2 align='center'>Default test</h2><table border='1' align="center">
<tr>
<td>Tests passed/Failed/Skipped:</td><td>0/1/0</td>
</tr><tr>
<td>Started on:</td><td>Thu Jun 05 00:30:04 COT 2014</td>
</tr>
<tr><td>Total time:</td><td>32 seconds (32885 ms)</td>
</tr><tr>
<td>Included groups:</td><td></td>
</tr><tr>
<td>Excluded groups:</td><td></td>
</tr>
</table><p/>
<small><i>(Hover the method name to see the test class name)</i></small><p/>
<table width='100%' border='1' class='invocation-failed'>
<tr><td colspan='4' align='center'><b>FAILED TESTS</b></td></tr>
<tr><td><b>Test method</b></td>
<td width="30%"><b>Exception</b></td>
<td width="10%"><b>Time (seconds)</b></td>
<td><b>Instance</b></td>
</tr>
<tr>
<td title='com.aes.service.accounts.integration.ConsultarFraudesTest.basicTest()'><b>basicTest</b><br>Test class: com.aes.service.accounts.integration.ConsultarFraudesTest</td>
<td><div><pre>javax.xml.ws.soap.SOAPFaultException: No signature token
	at org.apache.cxf.jaxws.JaxWsClientProxy.invoke(JaxWsClientProxy.java:157)
	at $Proxy45.getCardStatus(Unknown Source)
	at com.aes.service.accounts.integration.ConsultarFraudesTest.basicTest(ConsultarFraudesTest.java:27)
	at sun.reflect.NativeMethodAccessorImpl.invoke0(Native Method)
	at sun.reflect.NativeMethodAccessorImpl.invoke(NativeMethodAccessorImpl.java:57)
	at sun.reflect.DelegatingMethodAccessorImpl.invoke(DelegatingMethodAccessorImpl.java:43)
	at java.lang.reflect.Method.invoke(Method.java:601)
	at org.testng.internal.MethodInvocationHelper.invokeMethod(MethodInvocationHelper.java:84)
	at org.testng.internal.MethodInvocationHelper$1.runTestMethod(MethodInvocationHelper.java:200)
	at org.springframework.test.context.testng.AbstractTestNGSpringContextTests.run(AbstractTestNGSpringContextTests.java:155)
	at sun.reflect.NativeMethodAccessorImpl.invoke0(Native Method)
	at sun.reflect.NativeMethodAccessorImpl.invoke(NativeMethodAccessorImpl.java:57)
	at sun.reflect.DelegatingMethodAccessorImpl.invoke(DelegatingMethodAccessorImpl.java:43)
	at java.lang.reflect.Method.invoke(Method.java:601)
	at org.testng.internal.MethodInvocationHelper.invokeHookable(MethodInvocationHelper.java:212)
	at org.testng.internal.Invoker.invokeMethod(Invoker.java:707)
	at org.testng.internal.Invoker.invokeTestMethod(Invoker.java:901)
	at org.testng.internal.Invoker.invokeTestMethods(Invoker.java:1231)
	at org.testng.internal.TestMethodWorker.invokeTestMethods(TestMethodWorker.java:127)
	at org.testng.internal.TestMethodWorker.run(TestMethodWorker.java:111)
	at org.testng.TestRunner.privateRun(TestRunner.java:767)
	at org.testng.TestRunner.run(TestRunner.java:617)
	at org.testng.SuiteRunner.runTest(SuiteRunner.java:334)
	at org.testng.SuiteRunner.runSequentially(SuiteRunner.java:329)
	at org.testng.SuiteRunner.privateRun(SuiteRunner.java:291)
	at org.testng.SuiteRunner.run(SuiteRunner.java:240)
	at org.testng.SuiteRunnerWorker.runSuite(SuiteRunnerWorker.java:52)
	at org.testng.SuiteRunnerWorker.run(SuiteRunnerWorker.java:86)
	at org.testng.TestNG.runSuitesSequentially(TestNG.java:1224)
	at org.testng.TestNG.runSuitesLocally(TestNG.java:1149)
	at org.testng.TestNG.run(TestNG.java:1057)
	at org.testng.remote.RemoteTestNG.run(RemoteTestNG.java:111)
	at org.testng.remote.RemoteTestNG.initAndRun(RemoteTestNG.java:204)
	at org.testng.remote.RemoteTestNG.main(RemoteTestNG.java:175)
Caused by: org.apache.cxf.ws.policy.PolicyException: No signature token
	at org.apache.cxf.ws.security.wss4j.policyhandlers.AbstractBindingBuilder.policyNotAsserted(AbstractBindingBuilder.java:313)
	at org.apache.cxf.ws.security.wss4j.policyhandlers.SymmetricBindingHandler.doSignBeforeEncrypt(SymmetricBindingHandler.java:310)
	at org.apache.cxf.ws.security.wss4j.policyhandlers.SymmetricBindingHandler.handleBinding(SymmetricBindingHandler.java:124)
	at org.apache.cxf.ws.security.wss4j.PolicyBasedWSS4JOutInterceptor$PolicyBasedWSS4JOutInterceptorInternal.handleMessage(PolicyBasedWSS4JOutInterceptor.java:173)
	at org.apache.cxf.ws.security.wss4j.PolicyBasedWSS4JOutInterceptor$PolicyBasedWSS4JOutInterceptorInternal.handleMessage(PolicyBasedWSS4JOutInterceptor.java:90)
	at org.apache.cxf.phase.PhaseInterceptorChain.doIntercept(PhaseInterceptorChain.java:272)
	at org.apache.cxf.endpoint.ClientImpl.doInvoke(ClientImpl.java:570)
	at org.apache.cxf.endpoint.ClientImpl.invoke(ClientImpl.java:479)
	at org.apache.cxf.endpoint.ClientImpl.invoke(ClientImpl.java:382)
	at org.apache.cxf.endpoint.ClientImpl.invoke(ClientImpl.java:335)
	at org.apache.cxf.ws.security.trust.AbstractSTSClient.issue(AbstractSTSClient.java:782)
	at org.apache.cxf.ws.security.trust.STSClient.requestSecurityToken(STSClient.java:62)
	at org.apache.cxf.ws.security.trust.STSClient.requestSecurityToken(STSClient.java:56)
	at org.apache.cxf.ws.security.trust.STSClient.requestSecurityToken(STSClient.java:52)
	at org.apache.cxf.ws.security.policy.interceptors.SecureConversationOutInterceptor.issueToken(SecureConversationOutInterceptor.java:167)
	at org.apache.cxf.ws.security.policy.interceptors.SecureConversationOutInterceptor.handleMessage(SecureConversationOutInterceptor.java:69)
	at org.apache.cxf.ws.security.policy.interceptors.SecureConversationOutInterceptor.handleMessage(SecureConversationOutInterceptor.java:44)
	at org.apache.cxf.phase.PhaseInterceptorChain.doIntercept(PhaseInterceptorChain.java:272)
	at org.apache.cxf.endpoint.ClientImpl.doInvoke(ClientImpl.java:570)
	at org.apache.cxf.endpoint.ClientImpl.invoke(ClientImpl.java:479)
	at org.apache.cxf.endpoint.ClientImpl.invoke(ClientImpl.java:382)
	at org.apache.cxf.endpoint.ClientImpl.invoke(ClientImpl.java:335)
	at org.apache.cxf.frontend.ClientProxy.invokeSync(ClientProxy.java:96)
	at org.apache.cxf.jaxws.JaxWsClientProxy.invoke(JaxWsClientProxy.java:135)
	... 33 more
</pre></div><a href='#' onClick='toggleBox("stack-trace844314634", this, "Click to show all stack frames", "Click to hide stack frames")'>Click to show all stack frames</a>
<div class='stack-trace' id='stack-trace844314634'><pre>javax.xml.ws.soap.SOAPFaultException: No signature token
	at org.apache.cxf.jaxws.JaxWsClientProxy.invoke(JaxWsClientProxy.java:157)
	at $Proxy45.getCardStatus(Unknown Source)
	at com.aes.service.accounts.integration.ConsultarFraudesTest.basicTest(ConsultarFraudesTest.java:27)
	at sun.reflect.NativeMethodAccessorImpl.invoke0(Native Method)
	at sun.reflect.NativeMethodAccessorImpl.invoke(NativeMethodAccessorImpl.java:57)
	at sun.reflect.DelegatingMethodAccessorImpl.invoke(DelegatingMethodAccessorImpl.java:43)
	at java.lang.reflect.Method.invoke(Method.java:601)
	at org.testng.internal.MethodInvocationHelper.invokeMethod(MethodInvocationHelper.java:84)
	at org.testng.internal.MethodInvocationHelper$1.runTestMethod(MethodInvocationHelper.java:200)
	at org.springframework.test.context.testng.AbstractTestNGSpringContextTests.run(AbstractTestNGSpringContextTests.java:155)
	at sun.reflect.NativeMethodAccessorImpl.invoke0(Native Method)
	at sun.reflect.NativeMethodAccessorImpl.invoke(NativeMethodAccessorImpl.java:57)
	at sun.reflect.DelegatingMethodAccessorImpl.invoke(DelegatingMethodAccessorImpl.java:43)
	at java.lang.reflect.Method.invoke(Method.java:601)
	at org.testng.internal.MethodInvocationHelper.invokeHookable(MethodInvocationHelper.java:212)
	at org.testng.internal.Invoker.invokeMethod(Invoker.java:707)
	at org.testng.internal.Invoker.invokeTestMethod(Invoker.java:901)
	at org.testng.internal.Invoker.invokeTestMethods(Invoker.java:1231)
	at org.testng.internal.TestMethodWorker.invokeTestMethods(TestMethodWorker.java:127)
	at org.testng.internal.TestMethodWorker.run(TestMethodWorker.java:111)
	at org.testng.TestRunner.privateRun(TestRunner.java:767)
	at org.testng.TestRunner.run(TestRunner.java:617)
	at org.testng.SuiteRunner.runTest(SuiteRunner.java:334)
	at org.testng.SuiteRunner.runSequentially(SuiteRunner.java:329)
	at org.testng.SuiteRunner.privateRun(SuiteRunner.java:291)
	at org.testng.SuiteRunner.run(SuiteRunner.java:240)
	at org.testng.SuiteRunnerWorker.runSuite(SuiteRunnerWorker.java:52)
	at org.testng.SuiteRunnerWorker.run(SuiteRunnerWorker.java:86)
	at org.testng.TestNG.runSuitesSequentially(TestNG.java:1224)
	at org.testng.TestNG.runSuitesLocally(TestNG.java:1149)
	at org.testng.TestNG.run(TestNG.java:1057)
	at org.testng.remote.RemoteTestNG.run(RemoteTestNG.java:111)
	at org.testng.remote.RemoteTestNG.initAndRun(RemoteTestNG.java:204)
	at org.testng.remote.RemoteTestNG.main(RemoteTestNG.java:175)
Caused by: org.apache.cxf.ws.policy.PolicyException: No signature token
	at org.apache.cxf.ws.security.wss4j.policyhandlers.AbstractBindingBuilder.policyNotAsserted(AbstractBindingBuilder.java:313)
	at org.apache.cxf.ws.security.wss4j.policyhandlers.SymmetricBindingHandler.doSignBeforeEncrypt(SymmetricBindingHandler.java:310)
	at org.apache.cxf.ws.security.wss4j.policyhandlers.SymmetricBindingHandler.handleBinding(SymmetricBindingHandler.java:124)
	at org.apache.cxf.ws.security.wss4j.PolicyBasedWSS4JOutInterceptor$PolicyBasedWSS4JOutInterceptorInternal.handleMessage(PolicyBasedWSS4JOutInterceptor.java:173)
	at org.apache.cxf.ws.security.wss4j.PolicyBasedWSS4JOutInterceptor$PolicyBasedWSS4JOutInterceptorInternal.handleMessage(PolicyBasedWSS4JOutInterceptor.java:90)
	at org.apache.cxf.phase.PhaseInterceptorChain.doIntercept(PhaseInterceptorChain.java:272)
	at org.apache.cxf.endpoint.ClientImpl.doInvoke(ClientImpl.java:570)
	at org.apache.cxf.endpoint.ClientImpl.invoke(ClientImpl.java:479)
	at org.apache.cxf.endpoint.ClientImpl.invoke(ClientImpl.java:382)
	at org.apache.cxf.endpoint.ClientImpl.invoke(ClientImpl.java:335)
	at org.apache.cxf.ws.security.trust.AbstractSTSClient.issue(AbstractSTSClient.java:782)
	at org.apache.cxf.ws.security.trust.STSClient.requestSecurityToken(STSClient.java:62)
	at org.apache.cxf.ws.security.trust.STSClient.requestSecurityToken(STSClient.java:56)
	at org.apache.cxf.ws.security.trust.STSClient.requestSecurityToken(STSClient.java:52)
	at org.apache.cxf.ws.security.policy.interceptors.SecureConversationOutInterceptor.issueToken(SecureConversationOutInterceptor.java:167)
	at org.apache.cxf.ws.security.policy.interceptors.SecureConversationOutInterceptor.handleMessage(SecureConversationOutInterceptor.java:69)
	at org.apache.cxf.ws.security.policy.interceptors.SecureConversationOutInterceptor.handleMessage(SecureConversationOutInterceptor.java:44)
	at org.apache.cxf.phase.PhaseInterceptorChain.doIntercept(PhaseInterceptorChain.java:272)
	at org.apache.cxf.endpoint.ClientImpl.doInvoke(ClientImpl.java:570)
	at org.apache.cxf.endpoint.ClientImpl.invoke(ClientImpl.java:479)
	at org.apache.cxf.endpoint.ClientImpl.invoke(ClientImpl.java:382)
	at org.apache.cxf.endpoint.ClientImpl.invoke(ClientImpl.java:335)
	at org.apache.cxf.frontend.ClientProxy.invokeSync(ClientProxy.java:96)
	at org.apache.cxf.jaxws.JaxWsClientProxy.invoke(JaxWsClientProxy.java:135)
	... 33 more
</pre></div></td>
<td>30</td>
<td>com.aes.service.accounts.integration.ConsultarFraudesTest@62a937ae</td></tr>
</table><p>
</body>
</html>