<?xml version="1.0" encoding="UTF-8"?>
<testng-results skipped="0" failed="1" total="1" passed="0">
  <reporter-output>
  </reporter-output>
  <suite name="Default suite" duration-ms="32885" started-at="2014-06-05T05:30:04Z" finished-at="2014-06-05T05:30:37Z">
    <groups>
      <group name="remote-integration">
        <method signature="ConsultarFraudesTest.basicTest()[pri:0, instance:com.aes.service.accounts.integration.ConsultarFraudesTest@62a937ae]" name="basicTest" class="com.aes.service.accounts.integration.ConsultarFraudesTest"/>
      </group> <!-- remote-integration -->
    </groups>
    <test name="Default test" duration-ms="32885" started-at="2014-06-05T05:30:04Z" finished-at="2014-06-05T05:30:37Z">
      <class name="com.aes.service.accounts.integration.ConsultarFraudesTest">
        <test-method status="PASS" signature="springTestContextBeforeTestClass()[pri:0, instance:com.aes.service.accounts.integration.ConsultarFraudesTest@62a937ae]" name="springTestContextBeforeTestClass" is-config="true" duration-ms="17" started-at="2014-06-05T00:30:04Z" finished-at="2014-06-05T00:30:04Z">
          <reporter-output>
          </reporter-output>
        </test-method> <!-- springTestContextBeforeTestClass -->
        <test-method status="PASS" signature="springTestContextPrepareTestInstance()[pri:0, instance:com.aes.service.accounts.integration.ConsultarFraudesTest@62a937ae]" name="springTestContextPrepareTestInstance" is-config="true" duration-ms="2449" started-at="2014-06-05T00:30:04Z" depends-on-methods="org.springframework.test.context.testng.AbstractTestNGSpringContextTests.springTestContextBeforeTestClass" finished-at="2014-06-05T00:30:07Z">
          <reporter-output>
          </reporter-output>
        </test-method> <!-- springTestContextPrepareTestInstance -->
        <test-method status="PASS" signature="springTestContextBeforeTestMethod(java.lang.reflect.Method)[pri:0, instance:com.aes.service.accounts.integration.ConsultarFraudesTest@62a937ae]" name="springTestContextBeforeTestMethod" is-config="true" duration-ms="1" started-at="2014-06-05T00:30:07Z" finished-at="2014-06-05T00:30:07Z">
          <params>
            <param index="0">
              <value>
                <![CDATA[public void com.aes.service.accounts.integration.ConsultarFraudesTest.basicTest()]]>
              </value>
            </param>
          </params>
          <reporter-output>
          </reporter-output>
        </test-method> <!-- springTestContextBeforeTestMethod -->
        <test-method status="FAIL" signature="basicTest()[pri:0, instance:com.aes.service.accounts.integration.ConsultarFraudesTest@62a937ae]" name="basicTest" duration-ms="30377" started-at="2014-06-05T00:30:07Z" finished-at="2014-06-05T00:30:37Z">
          <exception class="javax.xml.ws.soap.SOAPFaultException">
            <message>
              <![CDATA[No signature token]]>
            </message>
            <full-stacktrace>
              <![CDATA[javax.xml.ws.soap.SOAPFaultException: No signature token
	at org.apache.cxf.jaxws.JaxWsClientProxy.invoke(JaxWsClientProxy.java:157)
	at $Proxy45.getCardStatus(Unknown Source)
	at com.aes.service.accounts.integration.ConsultarFraudesTest.basicTest(ConsultarFraudesTest.java:27)
	at sun.reflect.NativeMethodAccessorImpl.invoke0(Native Method)
	at sun.reflect.NativeMethodAccessorImpl.invoke(NativeMethodAccessorImpl.java:57)
	at sun.reflect.DelegatingMethodAccessorImpl.invoke(DelegatingMethodAccessorImpl.java:43)
	at java.lang.reflect.Method.invoke(Method.java:601)
	at org.testng.internal.MethodInvocationHelper.invokeMethod(MethodInvocationHelper.java:84)
	at org.testng.internal.MethodInvocationHelper$1.runTestMethod(MethodInvocationHelper.java:200)
	at org.springframework.test.context.testng.AbstractTestNGSpringContextTests.run(AbstractTestNGSpringContextTests.java:155)
	at sun.reflect.NativeMethodAccessorImpl.invoke0(Native Method)
	at sun.reflect.NativeMethodAccessorImpl.invoke(NativeMethodAccessorImpl.java:57)
	at sun.reflect.DelegatingMethodAccessorImpl.invoke(DelegatingMethodAccessorImpl.java:43)
	at java.lang.reflect.Method.invoke(Method.java:601)
	at org.testng.internal.MethodInvocationHelper.invokeHookable(MethodInvocationHelper.java:212)
	at org.testng.internal.Invoker.invokeMethod(Invoker.java:707)
	at org.testng.internal.Invoker.invokeTestMethod(Invoker.java:901)
	at org.testng.internal.Invoker.invokeTestMethods(Invoker.java:1231)
	at org.testng.internal.TestMethodWorker.invokeTestMethods(TestMethodWorker.java:127)
	at org.testng.internal.TestMethodWorker.run(TestMethodWorker.java:111)
	at org.testng.TestRunner.privateRun(TestRunner.java:767)
	at org.testng.TestRunner.run(TestRunner.java:617)
	at org.testng.SuiteRunner.runTest(SuiteRunner.java:334)
	at org.testng.SuiteRunner.runSequentially(SuiteRunner.java:329)
	at org.testng.SuiteRunner.privateRun(SuiteRunner.java:291)
	at org.testng.SuiteRunner.run(SuiteRunner.java:240)
	at org.testng.SuiteRunnerWorker.runSuite(SuiteRunnerWorker.java:52)
	at org.testng.SuiteRunnerWorker.run(SuiteRunnerWorker.java:86)
	at org.testng.TestNG.runSuitesSequentially(TestNG.java:1224)
	at org.testng.TestNG.runSuitesLocally(TestNG.java:1149)
	at org.testng.TestNG.run(TestNG.java:1057)
	at org.testng.remote.RemoteTestNG.run(RemoteTestNG.java:111)
	at org.testng.remote.RemoteTestNG.initAndRun(RemoteTestNG.java:204)
	at org.testng.remote.RemoteTestNG.main(RemoteTestNG.java:175)
Caused by: org.apache.cxf.ws.policy.PolicyException: No signature token
	at org.apache.cxf.ws.security.wss4j.policyhandlers.AbstractBindingBuilder.policyNotAsserted(AbstractBindingBuilder.java:313)
	at org.apache.cxf.ws.security.wss4j.policyhandlers.SymmetricBindingHandler.doSignBeforeEncrypt(SymmetricBindingHandler.java:310)
	at org.apache.cxf.ws.security.wss4j.policyhandlers.SymmetricBindingHandler.handleBinding(SymmetricBindingHandler.java:124)
	at org.apache.cxf.ws.security.wss4j.PolicyBasedWSS4JOutInterceptor$PolicyBasedWSS4JOutInterceptorInternal.handleMessage(PolicyBasedWSS4JOutInterceptor.java:173)
	at org.apache.cxf.ws.security.wss4j.PolicyBasedWSS4JOutInterceptor$PolicyBasedWSS4JOutInterceptorInternal.handleMessage(PolicyBasedWSS4JOutInterceptor.java:90)
	at org.apache.cxf.phase.PhaseInterceptorChain.doIntercept(PhaseInterceptorChain.java:272)
	at org.apache.cxf.endpoint.ClientImpl.doInvoke(ClientImpl.java:570)
	at org.apache.cxf.endpoint.ClientImpl.invoke(ClientImpl.java:479)
	at org.apache.cxf.endpoint.ClientImpl.invoke(ClientImpl.java:382)
	at org.apache.cxf.endpoint.ClientImpl.invoke(ClientImpl.java:335)
	at org.apache.cxf.ws.security.trust.AbstractSTSClient.issue(AbstractSTSClient.java:782)
	at org.apache.cxf.ws.security.trust.STSClient.requestSecurityToken(STSClient.java:62)
	at org.apache.cxf.ws.security.trust.STSClient.requestSecurityToken(STSClient.java:56)
	at org.apache.cxf.ws.security.trust.STSClient.requestSecurityToken(STSClient.java:52)
	at org.apache.cxf.ws.security.policy.interceptors.SecureConversationOutInterceptor.issueToken(SecureConversationOutInterceptor.java:167)
	at org.apache.cxf.ws.security.policy.interceptors.SecureConversationOutInterceptor.handleMessage(SecureConversationOutInterceptor.java:69)
	at org.apache.cxf.ws.security.policy.interceptors.SecureConversationOutInterceptor.handleMessage(SecureConversationOutInterceptor.java:44)
	at org.apache.cxf.phase.PhaseInterceptorChain.doIntercept(PhaseInterceptorChain.java:272)
	at org.apache.cxf.endpoint.ClientImpl.doInvoke(ClientImpl.java:570)
	at org.apache.cxf.endpoint.ClientImpl.invoke(ClientImpl.java:479)
	at org.apache.cxf.endpoint.ClientImpl.invoke(ClientImpl.java:382)
	at org.apache.cxf.endpoint.ClientImpl.invoke(ClientImpl.java:335)
	at org.apache.cxf.frontend.ClientProxy.invokeSync(ClientProxy.java:96)
	at org.apache.cxf.jaxws.JaxWsClientProxy.invoke(JaxWsClientProxy.java:135)
	... 33 more
]]>
            </full-stacktrace>
          </exception> <!-- javax.xml.ws.soap.SOAPFaultException -->
          <reporter-output>
          </reporter-output>
        </test-method> <!-- basicTest -->
        <test-method status="PASS" signature="springTestContextAfterTestMethod(java.lang.reflect.Method)[pri:0, instance:com.aes.service.accounts.integration.ConsultarFraudesTest@62a937ae]" name="springTestContextAfterTestMethod" is-config="true" duration-ms="2" started-at="2014-06-05T00:30:37Z" finished-at="2014-06-05T00:30:37Z">
          <params>
            <param index="0">
              <value>
                <![CDATA[public void com.aes.service.accounts.integration.ConsultarFraudesTest.basicTest()]]>
              </value>
            </param>
          </params>
          <reporter-output>
          </reporter-output>
        </test-method> <!-- springTestContextAfterTestMethod -->
        <test-method status="PASS" signature="springTestContextAfterTestClass()[pri:0, instance:com.aes.service.accounts.integration.ConsultarFraudesTest@62a937ae]" name="springTestContextAfterTestClass" is-config="true" duration-ms="1" started-at="2014-06-05T00:30:37Z" finished-at="2014-06-05T00:30:37Z">
          <reporter-output>
          </reporter-output>
        </test-method> <!-- springTestContextAfterTestClass -->
      </class> <!-- com.aes.service.accounts.integration.ConsultarFraudesTest -->
    </test> <!-- Default test -->
  </suite> <!-- Default suite -->
</testng-results>
